{"/home/jonas/Desktop/boilerplate-react/src/App.tsx": {"path":"/home/jonas/Desktop/boilerplate-react/src/App.tsx","statementMap":{"0":{"start":{"line":3,"column":12},"end":{"line":5,"column":1}},"1":{"start":{"line":4,"column":2},"end":{"line":4,"column":30}}},"fnMap":{"0":{"name":"(anonymous_0)","decl":{"start":{"line":3,"column":12},"end":{"line":3,"column":13}},"loc":{"start":{"line":3,"column":18},"end":{"line":5,"column":1}},"line":3}},"branchMap":{},"s":{"0":0,"1":0},"f":{"0":0},"b":{}}
,"/home/jonas/Desktop/boilerplate-react/src/index.tsx": {"path":"/home/jonas/Desktop/boilerplate-react/src/index.tsx","statementMap":{"0":{"start":{"line":6,"column":0},"end":{"line":6,"column":48}}},"fnMap":{},"branchMap":{},"s":{"0":0},"f":{},"b":{}}
,"/home/jonas/Desktop/boilerplate-react/src/components/Heading/index.tsx": {"path":"/home/jonas/Desktop/boilerplate-react/src/components/Heading/index.tsx","statementMap":{"0":{"start":{"line":3,"column":16},"end":{"line":5,"column":1}},"1":{"start":{"line":4,"column":2},"end":{"line":4,"column":26}}},"fnMap":{"0":{"name":"(anonymous_0)","decl":{"start":{"line":3,"column":16},"end":{"line":3,"column":17}},"loc":{"start":{"line":3,"column":47},"end":{"line":5,"column":1}},"line":3}},"branchMap":{"0":{"loc":{"start":{"line":3,"column":19},"end":{"line":3,"column":40}},"type":"default-arg","locations":[{"start":{"line":3,"column":27},"end":{"line":3,"column":40}}],"line":3}},"s":{"0":1,"1":1},"f":{"0":1},"b":{"0":[1]},"_coverageSchema":"1a1c01bbd47fc00a2c39e90264f33305004495a9","hash":"c47e0e8d81427fdfe7b41bd81920d87914704aaa"}
}
